<?xml version="1.0" encoding="UTF-8" ?>
<testsuites name="vitest tests" tests="3" failures="3" errors="0" time="3.4965901">
    <testsuite name="src/routes/_authenticated/feedback/-components/__tests__/FeedbackListContent.test.tsx" timestamp="2026-09-15T08:10:06.012Z" hostname="LAPTOP-A4BVV2B4" tests="3" failures="3" errors="0" skipped="0" time="3.4965901">
        <testcase classname="src/routes/_authenticated/feedback/-components/__tests__/FeedbackListContent.test.tsx" name="FeedbackListContent &gt; displays feedback rows from the API response" time="1.4173759">
            <system-err>
[MSW] Warning: intercepted a request without a matching request handler:

  • GET /api/feedback/search?page=0&amp;size=10

If you still wish to intercept this unhandled request, please create a request handler for it.
Read more: https://mswjs.io/docs/http/intercepting-requests

            </system-err>
            <failure message="Unable to find an element with the text: Annual Volunteer Drive. This could be because the text is broken up by multiple elements. In this case, you can provide a function for your text matcher to make your matcher more flexible.

Ignored nodes: comments, script, style
[36m&lt;body&gt;[39m
  [36m&lt;div&gt;[39m
    [36m&lt;div&gt;[39m
      [36m&lt;div[39m
        [33mclass[39m=[32m&quot;_container_ca4c60&quot;[39m
      [36m&gt;[39m
        [36m&lt;div[39m
          [33mclass[39m=[32m&quot;_header_ca4c60&quot;[39m
        [36m&gt;[39m
          [36m&lt;h1[39m
            [33mclass[39m=[32m&quot;_pageTitle_ca4c60&quot;[39m
          [36m&gt;[39m
            [0mFeedback[0m
          [36m&lt;/h1&gt;[39m
        [36m&lt;/div&gt;[39m
        [36m&lt;div[39m
          [33mclass[39m=[32m&quot;_container_3b3e62&quot;[39m
        [36m&gt;[39m
          [36m&lt;div[39m
            [33mclass[39m=[32m&quot;_toolbar_3b3e62&quot;[39m
          [36m&gt;[39m
            [36m&lt;div[39m
              [33mclass[39m=[32m&quot;_filters_3b3e62&quot;[39m
            [36m&gt;[39m
              [36m&lt;input[39m
                [33maria-label[39m=[32m&quot;Filter eventName&quot;[39m
                [33mclass[39m=[32m&quot;_filterInput_3b3e62&quot;[39m
                [33mplaceholder[39m=[32m&quot;Filter eventName...&quot;[39m
                [33mtype[39m=[32m&quot;text&quot;[39m
                [33mvalue[39m=[32m&quot;&quot;[39m
              [36m/&gt;[39m
              [36m&lt;select[39m
                [33maria-label[39m=[32m&quot;Filter category&quot;[39m
                [33mclass[39m=[32m&quot;_filterSelect_3b3e62&quot;[39m
              [36m&gt;[39m
                [36m&lt;option[39m
                  [33mvalue[39m=[32m&quot;&quot;[39m
                [36m&gt;[39m
                  [0mAll[0m
                [36m&lt;/option&gt;[39m
                [36m&lt;option[39m
                  [33mvalue[39m=[32m&quot;Communication&quot;[39m
                [36m&gt;[39m
                  [0mCommunication[0m
                [36m&lt;/option&gt;[39m
                [36m&lt;option[39m
                  [33mvalue[39m=[32m&quot;Organization&quot;[39m
                [36m&gt;[39m
                  [0mOrganization[0m
                [36m&lt;/option&gt;[39m
                [36m&lt;option[39m
                  [33mvalue[39m=[32m&quot;Content&quot;[39m
                [36m&gt;[39m
                  [0mContent[0m
                [36m&lt;/option&gt;[39m
                [36m&lt;option[39m
                  [33mvalue[39m=[32m&quot;Logistics&quot;[39m
                [36m&gt;[39m
                  [0mLogistics[0m
                [36m&lt;/option&gt;[39m
                [36m&lt;option[39m
                  [33mvalue[39m=[32m&quot;Overall&quot;[39m
                [36m&gt;[39m
                  [0mOverall[0m
                [36m&lt;/option&gt;[39m
              [36m&lt;/select&gt;[39m
              [36m&lt;select[39m
                [33maria-label[39m=[32m&quot;Filter sentiment&quot;[39m
                [33mclass[39m=[32m&quot;_filterSelect_3b3e62&quot;[39m
              [36m&gt;[39m
                [36m&lt;option[39m
                  [33mvalue[39m=[32m&quot;&quot;[39m
                [36m&gt;[39m
                  [0mAll[0m
                [36m&lt;/option&gt;[39m
                [36m&lt;option[39m
                  [33mvalue[39m=[32m&quot;POSITIVE&quot;[39m
                [36m&gt;[39m
                  [0mPositive[0m
                [36m&lt;/option&gt;[39m
                [36m&lt;option[39m
                  [33mvalue[39m=[32m&quot;NEUTRAL&quot;[39m
                [36m&gt;[39m
                  [0mNeutral[0m
                [36m&lt;/option&gt;[39m
                [36m&lt;option[39m
                  [33mvalue[39m=[32m&quot;NEGATIVE&quot;[39m
                [36m&gt;[39m
                  [0mNegative[0m
                [36m&lt;/option&gt;[39m
              [36m&lt;/select&gt;[39m
              [36m&lt;select[39m
                [33maria-label[39m=[32m&quot;Filter status&quot;[39m
                [33mclass[39m=[32m&quot;_filterSelect_3b3e62&quot;[39m
              [36m&gt;[39m
                [36m&lt;option[39m
                  [33mvalue[39m=[32m&quot;&quot;[39m
                [36m&gt;[39m
                  [0mAll[0m
                [36m&lt;/option&gt;[39m
                [36m&lt;option[39m
                  [33mvalue[39m=[32m&quot;SUBMITTED&quot;[39m
                [36m&gt;[39m
                  [0mSubmitted[0m
                [36m&lt;/option&gt;[39m
                [36m&lt;option[39m
                  [33mvalue[39m=[32m&quot;REVIEWED&quot;[39m
                [36m&gt;[39m
                  [0mReviewed[0m
                [36m&lt;/option&gt;[39m
                [36m&lt;option[39m
                  [33mvalue[39m=[32m&quot;FLAGGED&quot;[39m
                [36m&gt;[39m
                  [0mFlagged[0m
                [36m&lt;/option&gt;[39m
                [36m&lt;option[39m
                  [33mvalue[39m=[32m&quot;ARCHIVED&quot;[39m
                [36m&gt;[39m
                  [0mArchived[0m
                [36m&lt;/option&gt;[39m
              [36m&lt;/select&gt;[39m
            [36m&lt;/div&gt;[39m
            [36m&lt;div[39m
              [33mclass[39m=[32m&quot;_columnVisibility_3b3e62&quot;[39m
            [36m&gt;[39m
              [36m&lt;button[39m
                [33maria-expanded[39m=[32m&quot;false&quot;[39m
                [33maria-haspopup[39m=[32m&quot;true&quot;[39m
                [33mclass[39m=[32m&quot;_columnVisibilityBtn_3b3e62&quot;[39m
                [33mtype[39m=[32m&quot;button&quot;[39m
              [36m&gt;[39m
                [0mColumns[0m
              [36m&lt;/button&gt;[39m
            [36m&lt;/div&gt;[39m
          [36m&lt;/div&gt;[39m
          [36m&lt;div[39m
            [33mclass[39m=[32m&quot;_tableWrapper_3b3e62 &quot;[39m
          [36m&gt;[39m
            [36m&lt;table[39m
              [33mclass[39m=[32m&quot;_table_3b3e62&quot;[39m
            [36m&gt;[39m
              [36m&lt;caption[39m
                [33mclass[39m=[32m&quot;sr-only&quot;[39m
              [36m&gt;[39m
                [0mSubmitted volunteer feedback listing[0m
              [36m&lt;/caption&gt;[39m
              [36m&lt;thead[39m
                [33mclass[39m=[32m&quot;_thead_3b3e62&quot;[39m
              [36m&gt;[39m
                [36m&lt;tr&gt;[39m
                  [36m&lt;th[39m
                    [33maria-sort[39m=[32m&quot;none&quot;[39m
                    [33mclass[39m=[32m&quot;_th_3b3e62 _thSortable_3b3e62&quot;[39m
                    [33mscope[39m=[32m&quot;col&quot;[39m
                  [36m&gt;[39m
                    [36m&lt;span[39m
                      [33mclass[39m=[32m&quot;_thContent_3b3e62&quot;[39m
                    [36m&gt;[39m
                      [0mEvent Name[0m
                      [36m&lt;span[39m
                        [33maria-hidden[39m=[32m&quot;true&quot;[39m
                        [33mclass[39m=[32m&quot;_sortIndicator_3b3e62 &quot;[39m
                      [36m&gt;[39m
                        [0m↕[0m
                      [36m&lt;/span&gt;[39m
                    [36m&lt;/span&gt;[39m
                  [36m&lt;/th&gt;[39m
                  [36m&lt;th[39m
                    [33maria-sort[39m=[32m&quot;none&quot;[39m
                    [33mclass[39m=[32m&quot;_th_3b3e62 _thSortable_3b3e62&quot;[39m
                    [33mscope[39m=[32m&quot;col&quot;[39m
                  [36m&gt;[39m
                    [36m&lt;span[39m
                      [33mclass[39m=[32m&quot;_thContent_3b3e62&quot;[39m
                    [36m&gt;[39m
                      [0mVolunteer ID[0m
                      [36m&lt;span[39m
                        [33maria-hidden[39m=[32m&quot;true&quot;[39m
                        [33mclass[39m=[32m&quot;_sortIndicator_3b3e62 &quot;[39m
                      [36m&gt;[39m
                        [0m↕[0m
                      [36m&lt;/span&gt;[39m
                    [36m&lt;/span&gt;[39m
                  [36m&lt;/th&gt;[39m
                  [36m&lt;th[39m
                    [33maria-sort[39m=[32m&quot;none&quot;[39m
                    [33mclass[39m=[32m&quot;_th_3b3e62 _thSortable_3b3e62&quot;[39m
                    [33mscope[39m=[32m&quot;col&quot;[39m
                  [36m&gt;[39m
                    [36m&lt;span[39m
                      [33mclass[39m=[32m&quot;_thContent_3b3e62&quot;[39m
                    [36m&gt;[39m
                      [0mScore[0m
                      [36m&lt;span[39m
                        [33maria-hidden[39m=[32m&quot;true&quot;[39m
                        [33mclass[39m=[32m&quot;_sortIndicator_3b3e62 &quot;[39m
                      [36m&gt;[39m
                        [0m↕[0m
                      [36m&lt;/span&gt;[39m
                    [36m&lt;/span&gt;[39m
                  [36m&lt;/th&gt;[39m
                  [36m&lt;th[39m
                    [33maria-sort[39m=[32m&quot;none&quot;[39m
                    [33mclass[39m=[32m&quot;_th_3b3e62 _thSortable_3b3e62&quot;[39m
                    [33mscope[39m=[32m&quot;col&quot;[39m
                  [36m&gt;[39m
                    [36m&lt;span[39m
                      [33mclass[39m=[32m&quot;_thContent_3b3e62&quot;[39m
                    [36m&gt;[39m
                      [0mCategory[0m
                      [36m&lt;span[39m
                        [33maria-hidden[39m=[32m&quot;true&quot;[39m
                        [33mclass[39m=[32m&quot;_sortIndicator_3b3e62 &quot;[39m
                      [36m&gt;[39m
                        [0m↕[0m
                      [36m&lt;/span&gt;[39m
                    [36m&lt;/span&gt;[39m
                  [36m&lt;/th&gt;[39m
                  [36m&lt;th[39m
                    [33maria-sort[39m=[32m&quot;none&quot;[39m
                    [33mclass[39m=[32m&quot;_th_3b3e62 _thSortable_3b3e62&quot;[39m
                    [33mscope[39m=[32m&quot;col&quot;[39m
                  [36m&gt;[39m
                    [36m&lt;span[39m
                      [33mclass[39m=[32m&quot;_thContent_3b3e62&quot;[39m
                    [36m&gt;[39m
                      [0mSentiment[0m
                      [36m&lt;span[39m
                        [33maria-hidden[39m=[32m&quot;true&quot;[39m
                        [33mclass[39m=[32m&quot;_sortIndicator_3b3e62 &quot;[39m
                      [36m&gt;[39m
                        [0m↕[0m
                      [36m&lt;/span&gt;[39m
                    [36m&lt;/span&gt;[39m
                  [36m&lt;/th&gt;[39m
                  [36m&lt;th[39m
                    [33maria-sort[39m=[32m&quot;none&quot;[39m
                    [33mclass[39m=[32m&quot;_th_3b3e62 _thSortable_3b3e62&quot;[39m
                    [33mscope[39m=[32m&quot;col&quot;[39m
                  [36m&gt;[39m
                    [36m&lt;span[39m
                      [33mclass[39m=[32m&quot;_thContent_3b3e62&quot;[39m
                    [36m&gt;[39m
                      [0mStatus[0m
                      [36m&lt;span[39m
                        [33maria-hidden[39m=[32m&quot;true&quot;[39m
                        [33mclass[39m=[32m&quot;_sortIndicator_3b3e62 &quot;[39m
                      [36m&gt;[39m
                        [0m↕[0m
                      [36m&lt;/span&gt;[39m
                    [36m&lt;/span&gt;[39m
                  [36m&lt;/th&gt;[39m
                  [36m&lt;th[39m
                    [33maria-sort[39m=[32m&quot;none&quot;[39m
                    [33mclass[39m=[32m&quot;_th_3b3e62 _thSortable_3b3e62&quot;[39m
                    [33mscope[39m=[32m&quot;col&quot;[39m
                  [36m&gt;[39m
                    [36m&lt;span[39m
                      [33mclass[39m=[32m&quot;_thContent_3b3e62&quot;[39m
                    [36m&gt;[39m
                      [0mSubmitted At[0m
                      [36m&lt;span[39m
                        [33maria-hidden[39m=[32m&quot;true&quot;[39m
                        [33mclass[39m=[32m&quot;_sortIndicator_3b3e62 &quot;[39m
                      [36m&gt;[39m
                        [0m↕[0m
                      [36m&lt;/span&gt;[39m
                    [36m&lt;/span&gt;[39m
                  [36m&lt;/th&gt;[39m
                [36m&lt;/tr&gt;[39m
              [36m&lt;/thead&gt;[39m
              [36m&lt;tbody[39m
                [33mclass[39m=[32m&quot;_tbody_3b3e62&quot;[39m
              [36m&gt;[39m
                [36m&lt;tr&gt;[39m
                  [36m&lt;td[39m
                    [33mclass[39m=[32m&quot;_td_3b3e62&quot;[39m
                    [33mcolspan[39m=[32m&quot;7&quot;[39m
                  [36m&gt;[39m
                    [36m&lt;div[39m
                      [33mclass[39m=[32m&quot;_errorState_3b3e62&quot;[39m
                    [36m&gt;[39m
                      [36m&lt;p[39m
                        [33mclass[39m=[32m&quot;_errorMessage_3b3e62&quot;[39m
                      [36m&gt;[39m
                        [0mNetwork error[0m
                      [36m&lt;/p&gt;[39m
                      [36m&lt;button[39m
                        [33mclass[39m=[32m&quot;_retryBtn_3b3e62&quot;[39m
                        [33mtype[39m=[32m&quot;button&quot;[39m
                      [36m&gt;[39m
                        [0mRetry[0m
                      [36m&lt;/button&gt;[39m
                    [36m&lt;/div&gt;[39m
                  [36m&lt;/td&gt;[39m
                [36m&lt;/tr&gt;[39m
              [36m&lt;/tbody&gt;[39m
            [36m&lt;/table&gt;[39m
          [36m&lt;/div&gt;[39m
          [36m&lt;div[39m
            [33mclass[39m=[32m&quot;_pagination_3b3e62&quot;[39m
          [36m&gt;[39m
            [36m&lt;span[39m
              [33mclass[39m=[32m&quot;_paginationInfo_3b3e62&quot;[39m
            [36m&gt;[39m
              [0m0[0m
              [0m total record[0m
              [0ms[0m
              [0m — Page[0m
              [0m [0m
              [0m0[0m
              [0m of [0m
              [0m0[0m
            [36m&lt;/span&gt;[39m
            [36m&lt;div[39m
              [33mclass[39m=[32m&quot;_paginationControls_3b3e62&quot;[39m
            [36m&gt;[39m
              [36m&lt;select[39m
                [33maria-label[39m=[32m&quot;Page size&quot;[39m
                [33mclass[39m=[32m&quot;_pageSizeSelect_3b3e62&quot;[39m
              [36m&gt;[39m
                [36m&lt;option[39m
                  [33mvalue[39m=[32m&quot;10&quot;[39m
                [36m&gt;[39m
                  [0m10[0m
                  [0m / page[0m
                [36m&lt;/option&gt;[39m
                [36m&lt;option[39m
                  [33mvalue[39m=[32m&quot;25&quot;[39m
                [36m&gt;[39m
                  [0m25[0m
                  [0m / page[0m
                [36m&lt;/option&gt;[39m
                [36m&lt;option[39m
                  [33mvalue[39m=[32m&quot;50&quot;[39m
                [36m&gt;[39m
                  [0m50[0m
                  [0m / page[0m
                [36m&lt;/option&gt;[39m
                [36m&lt;option[39m
                  [33mvalue[39m=[32m&quot;100&quot;[39m
                [36m&gt;[39m
                  [0m100[0m
                  [0m / page[0m
                [36m&lt;/option&gt;[39m
              [36m&lt;/select&gt;[39m
              [36m&lt;button[39m
                [33maria-label[39m=[32m&quot;First page&quot;[39m
                [33mclass[39m=[32m&quot;_paginationBtn_3b3e62&quot;[39m
                [33mdisabled[39m=[32m&quot;&quot;[39m
                [33mtype[39m=[32m&quot;button&quot;[39m
              [36m&gt;[39m
                [0m«[0m
              [36m&lt;/button&gt;[39m
              [36m&lt;button[39m
                [33maria-label[39m=[32m&quot;Previous page&quot;[39m
                [33mclass[39m=[32m&quot;_paginationBtn_3b3e62&quot;[39m
                [33mdisabled[39m=[32m&quot;&quot;[39m
                [33mtype[39m=[32m&quot;button&quot;[39m
              [36m&gt;[39m
                [0m‹[0m
              [36m&lt;/button&gt;[39m
              [36m&lt;button[39m
                [33maria-label[39m=[32m&quot;Next page&quot;[39m
                [33mclass[39m=[32m&quot;_paginationBtn_3b3e62&quot;[39m
                [33mdisabled[39m=[32m&quot;&quot;[39m
                [33mtype[39m=[32m&quot;button&quot;[39m
              [36m&gt;[39m
                [0m›[0m
              [36m&lt;/button&gt;[39m
              [36m&lt;button[39m
                [33maria-label[39m=[32m&quot;Last page&quot;[39m
                [33mclass[39m=[32m&quot;_paginationBtn_3b3e62&quot;[39m
                [33mdisabled[39m=[32m&quot;&quot;[39m
                [33mtype[39m=[32m&quot;button&quot;[39m
              [36m&gt;[39m
                [0m»[0m
              [36m&lt;/button&gt;[39m
            [36m&lt;/div&gt;[39m
          [36m&lt;/div&gt;[39m
        [36m&lt;/div&gt;[39m
      [36m&lt;/div&gt;[39m
    [36m&lt;/div&gt;[39m
  [36m&lt;/div&gt;[39m
[36m&lt;/body&gt;[39m

Ignored nodes: comments, script, style
[36m&lt;html&gt;[39m
  [36m&lt;head /&gt;[39m
  [36m&lt;body&gt;[39m
    [36m&lt;div&gt;[39m
      [36m&lt;div&gt;[39m
        [36m&lt;div[39m
          [33mclass[39m=[32m&quot;_container_ca4c60&quot;[39m
        [36m&gt;[39m
          [36m&lt;div[39m
            [33mclass[39m=[32m&quot;_header_ca4c60&quot;[39m
          [36m&gt;[39m
            [36m&lt;h1[39m
              [33mclass[39m=[32m&quot;_pageTitle_ca4c60&quot;[39m
            [36m&gt;[39m
              [0mFeedback[0m
            [36m&lt;/h1&gt;[39m
          [36m&lt;/div&gt;[39m
          [36m&lt;div[39m
            [33mclass[39m=[32m&quot;_container_3b3e62&quot;[39m
          [36m&gt;[39m
            [36m&lt;div[39m
              [33mclass[39m=[32m&quot;_toolbar_3b3e62&quot;[39m
            [36m&gt;[39m
              [36m&lt;div[39m
                [33mclass[39m=[32m&quot;_filters_3b3e62&quot;[39m
              [36m&gt;[39m
                [36m&lt;input[39m
                  [33maria-label[39m=[32m&quot;Filter eventName&quot;[39m
                  [33mclass[39m=[32m&quot;_filterInput_3b3e62&quot;[39m
                  [33mplaceholder[39m=[32m&quot;Filter eventName...&quot;[39m
                  [33mtype[39m=[32m&quot;text&quot;[39m
                  [33mvalue[39m=[32m&quot;&quot;[39m
                [36m/&gt;[39m
                [36m&lt;select[39m
                  [33maria-label[39m=[32m&quot;Filter category&quot;[39m
                  [33mclass[39m=[32m&quot;_filterSelect_3b3e62&quot;[39m
                [36m&gt;[39m
                  [36m&lt;option[39m
                    [33mvalue[39m=[32m&quot;&quot;[39m
                  [36m&gt;[39m
                    [0mAll[0m
                  [36m&lt;/option&gt;[39m
                  [36m&lt;option[39m
                    [33mvalue[39m=[32m&quot;Communication&quot;[39m
                  [36m&gt;[39m
                    [0mCommunication[0m
                  [36m&lt;/option&gt;[39m
                  [36m&lt;option[39m
                    [33mvalue[39m=[32m&quot;Organization&quot;[39m
                  [36m&gt;[39m
                    [0mOrganization[0m
                  [36m&lt;/option&gt;[39m
                  [36m&lt;option[39m
                    [33mvalue[39m=[32m&quot;Content&quot;[39m
                  [36m&gt;[39m
                    [0mContent[0m
                  [36m&lt;/option&gt;[39m
                  [36m&lt;option[39m
                    [33mvalue[39m=[32m&quot;Logistics&quot;[39m
                  [36m&gt;[39m
                    [0mLogistics[0m
                  [36m&lt;/option&gt;[39m
                  [36m&lt;option[39m
                    [33mvalue[39m=[32m&quot;Overall&quot;[39m
                  [36m&gt;[39m
                    [0mOverall[0m
                  [36m&lt;/option&gt;[39m
                [36m&lt;/select&gt;[39m
                [36m&lt;select[39m
                  [33maria-label[39m=[32m&quot;Filter sentiment&quot;[39m
                  [33mclass[39m=[32m&quot;_filterSelect_3b3e62&quot;[39m
                [36m&gt;[39m
                  [36m&lt;option[39m
                    [33mvalue[39m=[32m&quot;&quot;[39m
                  [36m&gt;[39m
                    [0mAll[0m
                  [36m&lt;/option&gt;[39m
                  [36m&lt;option[39m
                    [33mvalue[39m=[32m&quot;POSITIVE&quot;[39m
                  [36m&gt;[39m
                    [0mPositive[0m
                  [36m&lt;/option&gt;[39m
                  [36m&lt;option[39m
                    [33mvalue[39m=[32m&quot;NEUTRAL&quot;[39m
                  [36m&gt;[39m
                    [0mNeutral[0m
                  [36m&lt;/option&gt;[39m
                  [36m&lt;option[39m
                    [33mvalue[39m=[32m&quot;NEGATIVE&quot;[39m
                  [36m&gt;[39m
                    [0mNegative[0m
                  [36m&lt;/option&gt;[39m
                [36m&lt;/select&gt;[39m
                [36m&lt;select[39m
                  [33maria-label[39m=[32m&quot;Filter status&quot;[39m
                  [33mclass[39m=[32m&quot;_filterSelect_3b3e62&quot;[39m
                [36m&gt;[39m
                  [36m&lt;option[39m
                    [33mvalue[39m=[32m&quot;&quot;[39m
                  [36m&gt;[39m
                    [0mAll[0m
                  [36m&lt;/option&gt;[39m
                  [36m&lt;option[39m
                    [33mvalue[39m=[32m&quot;SUBMITTED&quot;[39m
                  [36m&gt;[39m
                    [0mSubmitted[0m
                  [36m&lt;/option&gt;[39m
                  [36m&lt;option[39m
                    [33mvalue[39m=[32m&quot;REVIEWED&quot;[39m
                  [36m&gt;[39m
                    [0mReviewed[0m
                  [36m&lt;/option&gt;[39m
                  [36m&lt;option[39m
                    [33mvalue[39m=[32m&quot;FLAGGED&quot;[39m
                  [36m&gt;[39m
                    [0mFlagged[0m
                  [36m&lt;/option&gt;[39m
                  [36m&lt;option[39m
                    [33mvalue[39m=[32m&quot;ARCHIVED&quot;[39m
                  [36m&gt;[39m
                    [0mArchived[0m
                  [36m&lt;/option&gt;[39m
                [36m&lt;/select&gt;[39m
              [36m&lt;/div&gt;[39m
              [36m&lt;div[39m
                [33mclass[39m=[32m&quot;_columnVisibility_3b3e62&quot;[39m
              [36m&gt;[39m
                [36m&lt;button[39m
                  [33maria-expanded[39m=[32m&quot;false&quot;[39m
                  [33maria-haspopup[39m=[32m&quot;true&quot;[39m
                  [33mclass[39m=[32m&quot;_columnVisibilityBtn_3b3e62&quot;[39m
                  [33mtype[39m=[32m&quot;button&quot;[39m
                [36m&gt;[39m
                  [0mColumns[0m
                [36m&lt;/button&gt;[39m
              [36m&lt;/div&gt;[39m
            [36m&lt;/div&gt;[39m
            [36m&lt;div[39m
              [33mclass[39m=[32m&quot;_tableWrapper_3b3e62 &quot;[39m
            [36m&gt;[39m
              [36m&lt;table[39m
                [33mclass[39m=[32m&quot;_table_3b3e62&quot;[39m
              [36m&gt;[39m
                [36m&lt;caption[39m
                  [33mclass[39m=[32m&quot;sr-only&quot;[39m
                [36m&gt;[39m
                  [0mSubmitted volunteer feedback listing[0m
                [36m&lt;/caption&gt;[39m
                [36m&lt;thead[39m
                  [33mclass[39m=[32m&quot;_thead_3b3e62&quot;[39m
                [36m&gt;[39m
                  [36m&lt;tr&gt;[39m
                    [36m&lt;th[39m
                      [33maria-sort[39m=[32m&quot;none&quot;[39m
                      [33mclass[39m=[32m&quot;_th_3b3e62 _thSortable_3b3e62&quot;[39m
                      [33mscope[39m=[32m&quot;col&quot;[39m
                    [36m&gt;[39m
                      [36m&lt;span[39m
                        [33mclass[39m=[32m&quot;_thContent_3b3e62&quot;[39m
                      [36m&gt;[39m
                        [0mEvent Name[0m
                        [36m&lt;span[39m
                          [33maria-hidden[39m=[32m&quot;true&quot;[39m
                          [33mclass[39m=[32m&quot;_sortIndicator_3b3e62 &quot;[39m
                        [36m&gt;[39m
                          [0m↕[0m
                        [36m&lt;/span&gt;[39m
                      [36m&lt;/span&gt;[39m
                    [36m&lt;/th&gt;[39m
                    [36m&lt;th[39m
                      [33maria-sort[39m=[32m&quot;none&quot;[39m
                      [33mclass[39m=[32m&quot;_th_3b3e62 _thSortable_3b3e62&quot;[39m
                      [33mscope[39m=[32m&quot;col&quot;[39m
                    [36m&gt;[39m
                      [36m&lt;span[39m
                        [33mclass[39m=[32m&quot;_thContent_3b3e62&quot;[39m
                      [36m&gt;[39m
                        [0mVolunteer ID[0m
                        [36m&lt;span[39m
                          [33maria-hidden[39m=[32m&quot;true&quot;[39m
                          [33mclass[39m=[32m&quot;_sortIndicator_3b3e62 &quot;[39m
                        [36m&gt;[39m
                          [0m↕[0m
                        [36m&lt;/span&gt;[39m
                      [36m&lt;/span&gt;[39m
                    [36m&lt;/th&gt;[39m
                    [36m&lt;th[39m
                      [33maria-sort[39m=[32m&quot;none&quot;[39m
                      [33mclass[39m=[32m&quot;_th_3b3e62 _thSortable_3b3e62&quot;[39m
                      [33mscope[39m=[32m&quot;col&quot;[39m
                    [36m&gt;[39m
                      [36m&lt;span[39m
                        [33mclass[39m=[32m&quot;_thContent_3b3e62&quot;[39m
                      [36m&gt;[39m
                        [0mScore[0m
                        [36m&lt;span[39m
                          [33maria-hidden[39m=[32m&quot;true&quot;[39m
                          [33mclass[39m=[32m&quot;_sortIndicator_3b3e62 &quot;[39m
                        [36m&gt;[39m
                          [0m↕[0m
                        [36m&lt;/span&gt;[39m
                      [36m&lt;/span&gt;[39m
                    [36m&lt;/th&gt;[39m
                    [36m&lt;th[39m
                      [33maria-sort[39m=[32m&quot;none&quot;[39m
                      [33mclass[39m=[32m&quot;_th_3b3e62 _thSortable_3b3e62&quot;[39m
                      [33mscope[39m=[32m&quot;col&quot;[39m
                    [36m&gt;[39m
                      [36m&lt;span[39m
                        [33mclass[39m=[32m&quot;_thContent_3b3e62&quot;[39m
                      [36m&gt;[39m
                        [0mCategory[0m
                        [36m&lt;span[39m
                          [33maria-hidden[39m=[32m&quot;true&quot;[39m
                          [33mclass[39m=[32m&quot;_sortIndicator_3b3e62 &quot;[39m
                        [36m&gt;[39m
                          [0m↕[0m
                        [36m&lt;/span&gt;[39m
                      [36m&lt;/span&gt;[39m
                    [36m&lt;/th&gt;[39m
                    [36m&lt;th[39m
                      [33maria-sort[39m=[32m&quot;none&quot;[39m
                      [33mclass[39m=[32m&quot;_th_3b3e62 _thSortable_3b3e62&quot;[39m
                      [33mscope[39m=[32m&quot;col&quot;[39m
                    [36m&gt;[39m
                      [36m&lt;span[39m
                        [33mclass[39m=[32m&quot;_thContent_3b3e62&quot;[39m
                      [36m&gt;[39m
                        [0mSentiment[0m
                        [36m&lt;span[39m
                          [33maria-hidden[39m=[32m&quot;true&quot;[39m
                          [33mclass[39m=[32m&quot;_sortIndicator_3b3e62 &quot;[39m
                        [36m&gt;[39m
                          [0m↕[0m
                        [36m&lt;/span&gt;[39m
                      [36m&lt;/span&gt;[39m
                    [36m&lt;/th&gt;[39m
                    [36m&lt;th[39m
                      [33maria-sort[39m=[32m&quot;none&quot;[39m
                      [33mclass[39m=[32m&quot;_th_3b3e62 _thSortable_3b3e62&quot;[39m
                      [33mscope[39m=[32m&quot;col&quot;[39m
                    [36m&gt;[39m
                      [36m&lt;span[39m
                        [33mclass[39m=[32m&quot;_thContent_3b3e62&quot;[39m
                      [36m&gt;[39m
                        [0mStatus[0m
                        [36m&lt;span[39m
                          [33maria-hidden[39m=[32m&quot;true&quot;[39m
                          [33mclass[39m=[32m&quot;_sortIndicator_3b3e62 &quot;[39m
                        [36m&gt;[39m
                          [0m↕[0m
                        [36m&lt;/span&gt;[39m
                      [36m&lt;/span&gt;[39m
                    [36m&lt;/th&gt;[39m
                    [36m&lt;th[39m
                      [33maria-sort[39m=[32m&quot;none&quot;[39m
                      [33mclass[39m=[32m&quot;_th_3b3e62 _thSortable_3b3e62&quot;[39m
                      [33mscope[39m=[32m&quot;col&quot;[39m
                    [36m&gt;[39m
                      [36m&lt;span[39m
                        [33mclass[39m=[32m&quot;_thContent_3b3e62&quot;[39m
                      [36m&gt;[39m
                        [0mSubmitted At[0m
                        [36m&lt;span[39m
                          [33maria-hidden[39m=[32m&quot;true&quot;[39m
                          [33mclass[39m=[32m&quot;_sortIndicator_3b3e62 &quot;[39m
                        [36m&gt;[39m
                          [0m↕[0m
                        [36m&lt;/span&gt;[39m
                      [36m&lt;/span&gt;[39m
                    [36m&lt;/th&gt;[39m
                  [36m&lt;/tr&gt;[39m
                [36m&lt;/thead&gt;[39m
                [36m&lt;tbody[39m
                  [33mclass[39m=[32m&quot;_tbody_3b3e62&quot;[39m
                [36m&gt;[39m
                  [36m&lt;tr&gt;[39m
                    [36m&lt;td[39m
                      [33mclass[39m=[32m&quot;_td_3b3e62&quot;[39m
                      [33mcolspan[39m=[32m&quot;7&quot;[39m
                    [36m&gt;[39m
                      [36m&lt;div[39m
                        [33mclass[39m=[32m&quot;_errorState_3b3e62&quot;[39m
                      [36m&gt;[39m
                        [36m&lt;p[39m
                          [33mclass[39m=[32m&quot;_errorMessage_3b3e62&quot;[39m
                        [36m&gt;[39m
                          [0mNetwork error[0m
                        [36m&lt;/p&gt;[39m
                        [36m&lt;button[39m
                          [33mclass[39m=[32m&quot;_retryBtn_3b3e62&quot;[39m
                          [33mtype[39m=[32m&quot;button&quot;[39m
                        [36m&gt;[39m
                          [0mRetry[0m
                        [36m&lt;/button&gt;[39m
                      [36m&lt;/div&gt;[39m
                    [36m&lt;/td&gt;[39m
                  [36m&lt;/tr&gt;[39m
                [36m&lt;/tbody&gt;[39m
              [36m&lt;/table&gt;[39m
            [36m&lt;/div&gt;[39m
            [36m&lt;div[39m
              [33mclass[39m=[32m&quot;_pagination_3b3e62&quot;[39m
            [36m&gt;[39m
              [36m&lt;span[39m
                [33mclass[39m=[32m&quot;_paginationInfo_3b3e62&quot;[39m
              [36m&gt;[39m
                [0m0[0m
                [0m total record[0m
                [0ms[0m
                [0m — Page[0m
                [0m [0m
                [0m0[0m
                [0m of [0m
                [0m0[0m
              [36m&lt;/span&gt;[39m
              [36m&lt;div[39m
                [33mclass[39m=[32m&quot;_paginationControls_3b3e62&quot;[39m
              [36m&gt;[39m
                [36m&lt;select[39m
                  [33maria-label[39m=[32m&quot;Page size&quot;[39m
                  [33mclass[39m=[32m&quot;_pageSizeSelect_3b3e62&quot;[39m
                [36m&gt;[39m
                  [36m&lt;option[39m
                    [33mvalue[39m=[32m&quot;10&quot;[39m
                  [36m&gt;[39m
                    [0m10[0m
                    [0m / page[0m
                  [36m&lt;/option&gt;[39m
                  [36m&lt;option[39m
                    [33mvalue[39m=[32m&quot;25&quot;[39m
                  [36m&gt;[39m
                    [0m25[0m
                    [0m / page[0m
                  [36m&lt;/option&gt;[39m
                  [36m&lt;option[39m
                    [33mvalue[39m=[32m&quot;50&quot;[39m
                  [36m&gt;[39m
                    [0m50[0m
                    [0m / page[0m
                  [36m&lt;/option&gt;[39m
                  [36m&lt;option[39m
                    [33mvalue[39m=[32m&quot;100&quot;[39m
                  [36m&gt;[39m
                    [0m100[0m
                    [0m / page[0m
                  [36m&lt;/option&gt;[39m
                [36m&lt;/select&gt;[39m
                [36m&lt;button[39m
                  [33maria-label[39m=[32m&quot;First page&quot;[39m
                  [33mclass[39m=[32m&quot;_paginationBtn_3b3e62&quot;[39m
                  [33mdisabled[39m=[32m&quot;&quot;[39m
                  [33mtype[39m=[32m&quot;button&quot;[39m
                [36m&gt;[39m
                  [0m«[0m
                [36m&lt;/button&gt;[39m
                [36m&lt;button[39m
                  [33maria-label[39m=[32m&quot;Previous page&quot;[39m
                  [33mclass[39m=[32m&quot;_paginationBtn_3b3e62&quot;[39m
                  [33mdisabled[39m=[32m&quot;&quot;[39m
                  [33mtype[39m=[32m&quot;button&quot;[39m
                [36m&gt;[39m
                  [0m‹[0m
                [36m&lt;/button&gt;[39m
                [36m&lt;button[39m
                  [33maria-label[39m=[32m&quot;Next page&quot;[39m
                  [33mclass[39m=[32m&quot;_paginationBtn_3b3e62&quot;[39m
                  [33mdisabled[39m=[32m&quot;&quot;[39m
                  [33mtype[39m=[32m&quot;button&quot;[39m
                [36m&gt;[39m
                  [0m›[0m
                [36m&lt;/button&gt;[39m
                [36m&lt;button[39m
                  [33maria-label[39m=[32m&quot;Last page&quot;[39m
                  [33mclass[39m=[32m&quot;_paginationBtn_3b3e62&quot;[39m
                  [33mdisabled[39m=[32m&quot;&quot;[39m
                  [33mtype[39m=[32m&quot;button&quot;[39m
                [36m&gt;[39m
                  [0m»[0m
                [36m&lt;/button&gt;[39m
              [36m&lt;/div&gt;[39m
            [36m&lt;/div&gt;[39m
          [36m&lt;/div&gt;[39m
        [36m&lt;/div&gt;[39m
      [36m&lt;/div&gt;[39m
    [36m&lt;/div&gt;[39m
  [36m&lt;/body&gt;[39m
[36m&lt;/html&gt;[39m" type="TestingLibraryElementError">
TestingLibraryElementError: Unable to find an element with the text: Annual Volunteer Drive. This could be because the text is broken up by multiple elements. In this case, you can provide a function for your text matcher to make your matcher more flexible.

Ignored nodes: comments, script, style
&lt;body&gt;
  &lt;div&gt;
    &lt;div&gt;
      &lt;div
        class=&quot;_container_ca4c60&quot;
      &gt;
        &lt;div
          class=&quot;_header_ca4c60&quot;
        &gt;
          &lt;h1
            class=&quot;_pageTitle_ca4c60&quot;
          &gt;
            Feedback
          &lt;/h1&gt;
        &lt;/div&gt;
        &lt;div
          class=&quot;_container_3b3e62&quot;
        &gt;
          &lt;div
            class=&quot;_toolbar_3b3e62&quot;
          &gt;
            &lt;div
              class=&quot;_filters_3b3e62&quot;
            &gt;
              &lt;input
                aria-label=&quot;Filter eventName&quot;
                class=&quot;_filterInput_3b3e62&quot;
                placeholder=&quot;Filter eventName...&quot;
                type=&quot;text&quot;
                value=&quot;&quot;
              /&gt;
              &lt;select
                aria-label=&quot;Filter category&quot;
                class=&quot;_filterSelect_3b3e62&quot;
              &gt;
                &lt;option
                  value=&quot;&quot;
                &gt;
                  All
                &lt;/option&gt;
                &lt;option
                  value=&quot;Communication&quot;
                &gt;
                  Communication
                &lt;/option&gt;
                &lt;option
                  value=&quot;Organization&quot;
                &gt;
                  Organization
                &lt;/option&gt;
                &lt;option
                  value=&quot;Content&quot;
                &gt;
                  Content
                &lt;/option&gt;
                &lt;option
                  value=&quot;Logistics&quot;
                &gt;
                  Logistics
                &lt;/option&gt;
                &lt;option
                  value=&quot;Overall&quot;
                &gt;
                  Overall
                &lt;/option&gt;
              &lt;/select&gt;
              &lt;select
                aria-label=&quot;Filter sentiment&quot;
                class=&quot;_filterSelect_3b3e62&quot;
              &gt;
                &lt;option
                  value=&quot;&quot;
                &gt;
                  All
                &lt;/option&gt;
                &lt;option
                  value=&quot;POSITIVE&quot;
                &gt;
                  Positive
                &lt;/option&gt;
                &lt;option
                  value=&quot;NEUTRAL&quot;
                &gt;
                  Neutral
                &lt;/option&gt;
                &lt;option
                  value=&quot;NEGATIVE&quot;
                &gt;
                  Negative
                &lt;/option&gt;
              &lt;/select&gt;
              &lt;select
                aria-label=&quot;Filter status&quot;
                class=&quot;_filterSelect_3b3e62&quot;
              &gt;
                &lt;option
                  value=&quot;&quot;
                &gt;
                  All
                &lt;/option&gt;
                &lt;option
                  value=&quot;SUBMITTED&quot;
                &gt;
                  Submitted
                &lt;/option&gt;
                &lt;option
                  value=&quot;REVIEWED&quot;
                &gt;
                  Reviewed
                &lt;/option&gt;
                &lt;option
                  value=&quot;FLAGGED&quot;
                &gt;
                  Flagged
                &lt;/option&gt;
                &lt;option
                  value=&quot;ARCHIVED&quot;
                &gt;
                  Archived
                &lt;/option&gt;
              &lt;/select&gt;
            &lt;/div&gt;
            &lt;div
              class=&quot;_columnVisibility_3b3e62&quot;
            &gt;
              &lt;button
                aria-expanded=&quot;false&quot;
                aria-haspopup=&quot;true&quot;
                class=&quot;_columnVisibilityBtn_3b3e62&quot;
                type=&quot;button&quot;
              &gt;
                Columns
              &lt;/button&gt;
            &lt;/div&gt;
          &lt;/div&gt;
          &lt;div
            class=&quot;_tableWrapper_3b3e62 &quot;
          &gt;
            &lt;table
              class=&quot;_table_3b3e62&quot;
            &gt;
              &lt;caption
                class=&quot;sr-only&quot;
              &gt;
                Submitted volunteer feedback listing
              &lt;/caption&gt;
              &lt;thead
                class=&quot;_thead_3b3e62&quot;
              &gt;
                &lt;tr&gt;
                  &lt;th
                    aria-sort=&quot;none&quot;
                    class=&quot;_th_3b3e62 _thSortable_3b3e62&quot;
                    scope=&quot;col&quot;
                  &gt;
                    &lt;span
                      class=&quot;_thContent_3b3e62&quot;
                    &gt;
                      Event Name
                      &lt;span
                        aria-hidden=&quot;true&quot;
                        class=&quot;_sortIndicator_3b3e62 &quot;
                      &gt;
                        ↕
                      &lt;/span&gt;
                    &lt;/span&gt;
                  &lt;/th&gt;
                  &lt;th
                    aria-sort=&quot;none&quot;
                    class=&quot;_th_3b3e62 _thSortable_3b3e62&quot;
                    scope=&quot;col&quot;
                  &gt;
                    &lt;span
                      class=&quot;_thContent_3b3e62&quot;
                    &gt;
                      Volunteer ID
                      &lt;span
                        aria-hidden=&quot;true&quot;
                        class=&quot;_sortIndicator_3b3e62 &quot;
                      &gt;
                        ↕
                      &lt;/span&gt;
                    &lt;/span&gt;
                  &lt;/th&gt;
                  &lt;th
                    aria-sort=&quot;none&quot;
                    class=&quot;_th_3b3e62 _thSortable_3b3e62&quot;
                    scope=&quot;col&quot;
                  &gt;
                    &lt;span
                      class=&quot;_thContent_3b3e62&quot;
                    &gt;
                      Score
                      &lt;span
                        aria-hidden=&quot;true&quot;
                        class=&quot;_sortIndicator_3b3e62 &quot;
                      &gt;
                        ↕
                      &lt;/span&gt;
                    &lt;/span&gt;
                  &lt;/th&gt;
                  &lt;th
                    aria-sort=&quot;none&quot;
                    class=&quot;_th_3b3e62 _thSortable_3b3e62&quot;
                    scope=&quot;col&quot;
                  &gt;
                    &lt;span
                      class=&quot;_thContent_3b3e62&quot;
                    &gt;
                      Category
                      &lt;span
                        aria-hidden=&quot;true&quot;
                        class=&quot;_sortIndicator_3b3e62 &quot;
                      &gt;
                        ↕
                      &lt;/span&gt;
                    &lt;/span&gt;
                  &lt;/th&gt;
                  &lt;th
                    aria-sort=&quot;none&quot;
                    class=&quot;_th_3b3e62 _thSortable_3b3e62&quot;
                    scope=&quot;col&quot;
                  &gt;
                    &lt;span
                      class=&quot;_thContent_3b3e62&quot;
                    &gt;
                      Sentiment
                      &lt;span
                        aria-hidden=&quot;true&quot;
                        class=&quot;_sortIndicator_3b3e62 &quot;
                      &gt;
                        ↕
                      &lt;/span&gt;
                    &lt;/span&gt;
                  &lt;/th&gt;
                  &lt;th
                    aria-sort=&quot;none&quot;
                    class=&quot;_th_3b3e62 _thSortable_3b3e62&quot;
                    scope=&quot;col&quot;
                  &gt;
                    &lt;span
                      class=&quot;_thContent_3b3e62&quot;
                    &gt;
                      Status
                      &lt;span
                        aria-hidden=&quot;true&quot;
                        class=&quot;_sortIndicator_3b3e62 &quot;
                      &gt;
                        ↕
                      &lt;/span&gt;
                    &lt;/span&gt;
                  &lt;/th&gt;
                  &lt;th
                    aria-sort=&quot;none&quot;
                    class=&quot;_th_3b3e62 _thSortable_3b3e62&quot;
                    scope=&quot;col&quot;
                  &gt;
                    &lt;span
                      class=&quot;_thContent_3b3e62&quot;
                    &gt;
                      Submitted At
                      &lt;span
                        aria-hidden=&quot;true&quot;
                        class=&quot;_sortIndicator_3b3e62 &quot;
                      &gt;
                        ↕
                      &lt;/span&gt;
                    &lt;/span&gt;
                  &lt;/th&gt;
                &lt;/tr&gt;
              &lt;/thead&gt;
              &lt;tbody
                class=&quot;_tbody_3b3e62&quot;
              &gt;
                &lt;tr&gt;
                  &lt;td
                    class=&quot;_td_3b3e62&quot;
                    colspan=&quot;7&quot;
                  &gt;
                    &lt;div
                      class=&quot;_errorState_3b3e62&quot;
                    &gt;
                      &lt;p
                        class=&quot;_errorMessage_3b3e62&quot;
                      &gt;
                        Network error
                      &lt;/p&gt;
                      &lt;button
                        class=&quot;_retryBtn_3b3e62&quot;
                        type=&quot;button&quot;
                      &gt;
                        Retry
                      &lt;/button&gt;
                    &lt;/div&gt;
                  &lt;/td&gt;
                &lt;/tr&gt;
              &lt;/tbody&gt;
            &lt;/table&gt;
          &lt;/div&gt;
          &lt;div
            class=&quot;_pagination_3b3e62&quot;
          &gt;
            &lt;span
              class=&quot;_paginationInfo_3b3e62&quot;
            &gt;
              0
               total record
              s
               — Page
               
              0
               of 
              0
            &lt;/span&gt;
            &lt;div
              class=&quot;_paginationControls_3b3e62&quot;
            &gt;
              &lt;select
                aria-label=&quot;Page size&quot;
                class=&quot;_pageSizeSelect_3b3e62&quot;
              &gt;
                &lt;option
                  value=&quot;10&quot;
                &gt;
                  10
                   / page
                &lt;/option&gt;
                &lt;option
                  value=&quot;25&quot;
                &gt;
                  25
                   / page
                &lt;/option&gt;
                &lt;option
                  value=&quot;50&quot;
                &gt;
                  50
                   / page
                &lt;/option&gt;
                &lt;option
                  value=&quot;100&quot;
                &gt;
                  100
                   / page
                &lt;/option&gt;
              &lt;/select&gt;
              &lt;button
                aria-label=&quot;First page&quot;
                class=&quot;_paginationBtn_3b3e62&quot;
                disabled=&quot;&quot;
                type=&quot;button&quot;
              &gt;
                «
              &lt;/button&gt;
              &lt;button
                aria-label=&quot;Previous page&quot;
                class=&quot;_paginationBtn_3b3e62&quot;
                disabled=&quot;&quot;
                type=&quot;button&quot;
              &gt;
                ‹
              &lt;/button&gt;
              &lt;button
                aria-label=&quot;Next page&quot;
                class=&quot;_paginationBtn_3b3e62&quot;
                disabled=&quot;&quot;
                type=&quot;button&quot;
              &gt;
                ›
              &lt;/button&gt;
              &lt;button
                aria-label=&quot;Last page&quot;
                class=&quot;_paginationBtn_3b3e62&quot;
                disabled=&quot;&quot;
                type=&quot;button&quot;
              &gt;
                »
              &lt;/button&gt;
            &lt;/div&gt;
          &lt;/div&gt;
        &lt;/div&gt;
      &lt;/div&gt;
    &lt;/div&gt;
  &lt;/div&gt;
&lt;/body&gt;

Ignored nodes: comments, script, style
&lt;html&gt;
  &lt;head /&gt;
  &lt;body&gt;
    &lt;div&gt;
      &lt;div&gt;
        &lt;div
          class=&quot;_container_ca4c60&quot;
        &gt;
          &lt;div
            class=&quot;_header_ca4c60&quot;
          &gt;
            &lt;h1
              class=&quot;_pageTitle_ca4c60&quot;
            &gt;
              Feedback
            &lt;/h1&gt;
          &lt;/div&gt;
          &lt;div
            class=&quot;_container_3b3e62&quot;
          &gt;
            &lt;div
              class=&quot;_toolbar_3b3e62&quot;
            &gt;
              &lt;div
                class=&quot;_filters_3b3e62&quot;
              &gt;
                &lt;input
                  aria-label=&quot;Filter eventName&quot;
                  class=&quot;_filterInput_3b3e62&quot;
                  placeholder=&quot;Filter eventName...&quot;
                  type=&quot;text&quot;
                  value=&quot;&quot;
                /&gt;
                &lt;select
                  aria-label=&quot;Filter category&quot;
                  class=&quot;_filterSelect_3b3e62&quot;
                &gt;
                  &lt;option
                    value=&quot;&quot;
                  &gt;
                    All
                  &lt;/option&gt;
                  &lt;option
                    value=&quot;Communication&quot;
                  &gt;
                    Communication
                  &lt;/option&gt;
                  &lt;option
                    value=&quot;Organization&quot;
                  &gt;
                    Organization
                  &lt;/option&gt;
                  &lt;option
                    value=&quot;Content&quot;
                  &gt;
                    Content
                  &lt;/option&gt;
                  &lt;option
                    value=&quot;Logistics&quot;
                  &gt;
                    Logistics
                  &lt;/option&gt;
                  &lt;option
                    value=&quot;Overall&quot;
                  &gt;
                    Overall
                  &lt;/option&gt;
                &lt;/select&gt;
                &lt;select
                  aria-label=&quot;Filter sentiment&quot;
                  class=&quot;_filterSelect_3b3e62&quot;
                &gt;
                  &lt;option
                    value=&quot;&quot;
                  &gt;
                    All
                  &lt;/option&gt;
                  &lt;option
                    value=&quot;POSITIVE&quot;
                  &gt;
                    Positive
                  &lt;/option&gt;
                  &lt;option
                    value=&quot;NEUTRAL&quot;
                  &gt;
                    Neutral
                  &lt;/option&gt;
                  &lt;option
                    value=&quot;NEGATIVE&quot;
                  &gt;
                    Negative
                  &lt;/option&gt;
                &lt;/select&gt;
                &lt;select
                  aria-label=&quot;Filter status&quot;
                  class=&quot;_filterSelect_3b3e62&quot;
                &gt;
                  &lt;option
                    value=&quot;&quot;
                  &gt;
                    All
                  &lt;/option&gt;
                  &lt;option
                    value=&quot;SUBMITTED&quot;
                  &gt;
                    Submitted
                  &lt;/option&gt;
                  &lt;option
                    value=&quot;REVIEWED&quot;
                  &gt;
                    Reviewed
                  &lt;/option&gt;
                  &lt;option
                    value=&quot;FLAGGED&quot;
                  &gt;
                    Flagged
                  &lt;/option&gt;
                  &lt;option
                    value=&quot;ARCHIVED&quot;
                  &gt;
                    Archived
                  &lt;/option&gt;
                &lt;/select&gt;
              &lt;/div&gt;
              &lt;div
                class=&quot;_columnVisibility_3b3e62&quot;
              &gt;
                &lt;button
                  aria-expanded=&quot;false&quot;
                  aria-haspopup=&quot;true&quot;
                  class=&quot;_columnVisibilityBtn_3b3e62&quot;
                  type=&quot;button&quot;
                &gt;
                  Columns
                &lt;/button&gt;
              &lt;/div&gt;
            &lt;/div&gt;
            &lt;div
              class=&quot;_tableWrapper_3b3e62 &quot;
            &gt;
              &lt;table
                class=&quot;_table_3b3e62&quot;
              &gt;
                &lt;caption
                  class=&quot;sr-only&quot;
                &gt;
                  Submitted volunteer feedback listing
                &lt;/caption&gt;
                &lt;thead
                  class=&quot;_thead_3b3e62&quot;
                &gt;
                  &lt;tr&gt;
                    &lt;th
                      aria-sort=&quot;none&quot;
                      class=&quot;_th_3b3e62 _thSortable_3b3e62&quot;
                      scope=&quot;col&quot;
                    &gt;
                      &lt;span
                        class=&quot;_thContent_3b3e62&quot;
                      &gt;
                        Event Name
                        &lt;span
                          aria-hidden=&quot;true&quot;
                          class=&quot;_sortIndicator_3b3e62 &quot;
                        &gt;
                          ↕
                        &lt;/span&gt;
                      &lt;/span&gt;
                    &lt;/th&gt;
                    &lt;th
                      aria-sort=&quot;none&quot;
                      class=&quot;_th_3b3e62 _thSortable_3b3e62&quot;
                      scope=&quot;col&quot;
                    &gt;
                      &lt;span
                        class=&quot;_thContent_3b3e62&quot;
                      &gt;
                        Volunteer ID
                        &lt;span
                          aria-hidden=&quot;true&quot;
                          class=&quot;_sortIndicator_3b3e62 &quot;
                        &gt;
                          ↕
                        &lt;/span&gt;
                      &lt;/span&gt;
                    &lt;/th&gt;
                    &lt;th
                      aria-sort=&quot;none&quot;
                      class=&quot;_th_3b3e62 _thSortable_3b3e62&quot;
                      scope=&quot;col&quot;
                    &gt;
                      &lt;span
                        class=&quot;_thContent_3b3e62&quot;
                      &gt;
                        Score
                        &lt;span
                          aria-hidden=&quot;true&quot;
                          class=&quot;_sortIndicator_3b3e62 &quot;
                        &gt;
                          ↕
                        &lt;/span&gt;
                      &lt;/span&gt;
                    &lt;/th&gt;
                    &lt;th
                      aria-sort=&quot;none&quot;
                      class=&quot;_th_3b3e62 _thSortable_3b3e62&quot;
                      scope=&quot;col&quot;
                    &gt;
                      &lt;span
                        class=&quot;_thContent_3b3e62&quot;
                      &gt;
                        Category
                        &lt;span
                          aria-hidden=&quot;true&quot;
                          class=&quot;_sortIndicator_3b3e62 &quot;
                        &gt;
                          ↕
                        &lt;/span&gt;
                      &lt;/span&gt;
                    &lt;/th&gt;
                    &lt;th
                      aria-sort=&quot;none&quot;
                      class=&quot;_th_3b3e62 _thSortable_3b3e62&quot;
                      scope=&quot;col&quot;
                    &gt;
                      &lt;span
                        class=&quot;_thContent_3b3e62&quot;
                      &gt;
                        Sentiment
                        &lt;span
                          aria-hidden=&quot;true&quot;
                          class=&quot;_sortIndicator_3b3e62 &quot;
                        &gt;
                          ↕
                        &lt;/span&gt;
                      &lt;/span&gt;
                    &lt;/th&gt;
                    &lt;th
                      aria-sort=&quot;none&quot;
                      class=&quot;_th_3b3e62 _thSortable_3b3e62&quot;
                      scope=&quot;col&quot;
                    &gt;
                      &lt;span
                        class=&quot;_thContent_3b3e62&quot;
                      &gt;
                        Status
                        &lt;span
                          aria-hidden=&quot;true&quot;
                          class=&quot;_sortIndicator_3b3e62 &quot;
                        &gt;
                          ↕
                        &lt;/span&gt;
                      &lt;/span&gt;
                    &lt;/th&gt;
                    &lt;th
                      aria-sort=&quot;none&quot;
                      class=&quot;_th_3b3e62 _thSortable_3b3e62&quot;
                      scope=&quot;col&quot;
                    &gt;
                      &lt;span
                        class=&quot;_thContent_3b3e62&quot;
                      &gt;
                        Submitted At
                        &lt;span
                          aria-hidden=&quot;true&quot;
                          class=&quot;_sortIndicator_3b3e62 &quot;
                        &gt;
                          ↕
                        &lt;/span&gt;
                      &lt;/span&gt;
                    &lt;/th&gt;
                  &lt;/tr&gt;
                &lt;/thead&gt;
                &lt;tbody
                  class=&quot;_tbody_3b3e62&quot;
                &gt;
                  &lt;tr&gt;
                    &lt;td
                      class=&quot;_td_3b3e62&quot;
                      colspan=&quot;7&quot;
                    &gt;
                      &lt;div
                        class=&quot;_errorState_3b3e62&quot;
                      &gt;
                        &lt;p
                          class=&quot;_errorMessage_3b3e62&quot;
                        &gt;
                          Network error
                        &lt;/p&gt;
                        &lt;button
                          class=&quot;_retryBtn_3b3e62&quot;
                          type=&quot;button&quot;
                        &gt;
                          Retry
                        &lt;/button&gt;
                      &lt;/div&gt;
                    &lt;/td&gt;
                  &lt;/tr&gt;
                &lt;/tbody&gt;
              &lt;/table&gt;
            &lt;/div&gt;
            &lt;div
              class=&quot;_pagination_3b3e62&quot;
            &gt;
              &lt;span
                class=&quot;_paginationInfo_3b3e62&quot;
              &gt;
                0
                 total record
                s
                 — Page
                 
                0
                 of 
                0
              &lt;/span&gt;
              &lt;div
                class=&quot;_paginationControls_3b3e62&quot;
              &gt;
                &lt;select
                  aria-label=&quot;Page size&quot;
                  class=&quot;_pageSizeSelect_3b3e62&quot;
                &gt;
                  &lt;option
                    value=&quot;10&quot;
                  &gt;
                    10
                     / page
                  &lt;/option&gt;
                  &lt;option
                    value=&quot;25&quot;
                  &gt;
                    25
                     / page
                  &lt;/option&gt;
                  &lt;option
                    value=&quot;50&quot;
                  &gt;
                    50
                     / page
                  &lt;/option&gt;
                  &lt;option
                    value=&quot;100&quot;
                  &gt;
                    100
                     / page
                  &lt;/option&gt;
                &lt;/select&gt;
                &lt;button
                  aria-label=&quot;First page&quot;
                  class=&quot;_paginationBtn_3b3e62&quot;
                  disabled=&quot;&quot;
                  type=&quot;button&quot;
                &gt;
                  «
                &lt;/button&gt;
                &lt;button
                  aria-label=&quot;Previous page&quot;
                  class=&quot;_paginationBtn_3b3e62&quot;
                  disabled=&quot;&quot;
                  type=&quot;button&quot;
                &gt;
                  ‹
                &lt;/button&gt;
                &lt;button
                  aria-label=&quot;Next page&quot;
                  class=&quot;_paginationBtn_3b3e62&quot;
                  disabled=&quot;&quot;
                  type=&quot;button&quot;
                &gt;
                  ›
                &lt;/button&gt;
                &lt;button
                  aria-label=&quot;Last page&quot;
                  class=&quot;_paginationBtn_3b3e62&quot;
                  disabled=&quot;&quot;
                  type=&quot;button&quot;
                &gt;
                  »
                &lt;/button&gt;
              &lt;/div&gt;
            &lt;/div&gt;
          &lt;/div&gt;
        &lt;/div&gt;
      &lt;/div&gt;
    &lt;/div&gt;
  &lt;/body&gt;
&lt;/html&gt;
 ❯ waitForWrapper node_modules/@testing-library/dom/dist/wait-for.js:163:27
 ❯ src/routes/_authenticated/feedback/-components/__tests__/FeedbackListContent.test.tsx:43:11
            </failure>
        </testcase>
        <testcase classname="src/routes/_authenticated/feedback/-components/__tests__/FeedbackListContent.test.tsx" name="FeedbackListContent &gt; shows the empty message when no feedback is returned" time="1.0400761">
            <system-err>
[MSW] Warning: intercepted a request without a matching request handler:

  • GET /api/feedback/search?page=0&amp;size=10

If you still wish to intercept this unhandled request, please create a request handler for it.
Read more: https://mswjs.io/docs/http/intercepting-requests

            </system-err>
            <failure message="Unable to find an element with the text: No feedback records found.. This could be because the text is broken up by multiple elements. In this case, you can provide a function for your text matcher to make your matcher more flexible.

Ignored nodes: comments, script, style
[36m&lt;body&gt;[39m
  [36m&lt;div&gt;[39m
    [36m&lt;div&gt;[39m
      [36m&lt;div[39m
        [33mclass[39m=[32m&quot;_container_ca4c60&quot;[39m
      [36m&gt;[39m
        [36m&lt;div[39m
          [33mclass[39m=[32m&quot;_header_ca4c60&quot;[39m
        [36m&gt;[39m
          [36m&lt;h1[39m
            [33mclass[39m=[32m&quot;_pageTitle_ca4c60&quot;[39m
          [36m&gt;[39m
            [0mFeedback[0m
          [36m&lt;/h1&gt;[39m
        [36m&lt;/div&gt;[39m
        [36m&lt;div[39m
          [33mclass[39m=[32m&quot;_container_3b3e62&quot;[39m
        [36m&gt;[39m
          [36m&lt;div[39m
            [33mclass[39m=[32m&quot;_toolbar_3b3e62&quot;[39m
          [36m&gt;[39m
            [36m&lt;div[39m
              [33mclass[39m=[32m&quot;_filters_3b3e62&quot;[39m
            [36m&gt;[39m
              [36m&lt;input[39m
                [33maria-label[39m=[32m&quot;Filter eventName&quot;[39m
                [33mclass[39m=[32m&quot;_filterInput_3b3e62&quot;[39m
                [33mplaceholder[39m=[32m&quot;Filter eventName...&quot;[39m
                [33mtype[39m=[32m&quot;text&quot;[39m
                [33mvalue[39m=[32m&quot;&quot;[39m
              [36m/&gt;[39m
              [36m&lt;select[39m
                [33maria-label[39m=[32m&quot;Filter category&quot;[39m
                [33mclass[39m=[32m&quot;_filterSelect_3b3e62&quot;[39m
              [36m&gt;[39m
                [36m&lt;option[39m
                  [33mvalue[39m=[32m&quot;&quot;[39m
                [36m&gt;[39m
                  [0mAll[0m
                [36m&lt;/option&gt;[39m
                [36m&lt;option[39m
                  [33mvalue[39m=[32m&quot;Communication&quot;[39m
                [36m&gt;[39m
                  [0mCommunication[0m
                [36m&lt;/option&gt;[39m
                [36m&lt;option[39m
                  [33mvalue[39m=[32m&quot;Organization&quot;[39m
                [36m&gt;[39m
                  [0mOrganization[0m
                [36m&lt;/option&gt;[39m
                [36m&lt;option[39m
                  [33mvalue[39m=[32m&quot;Content&quot;[39m
                [36m&gt;[39m
                  [0mContent[0m
                [36m&lt;/option&gt;[39m
                [36m&lt;option[39m
                  [33mvalue[39m=[32m&quot;Logistics&quot;[39m
                [36m&gt;[39m
                  [0mLogistics[0m
                [36m&lt;/option&gt;[39m
                [36m&lt;option[39m
                  [33mvalue[39m=[32m&quot;Overall&quot;[39m
                [36m&gt;[39m
                  [0mOverall[0m
                [36m&lt;/option&gt;[39m
              [36m&lt;/select&gt;[39m
              [36m&lt;select[39m
                [33maria-label[39m=[32m&quot;Filter sentiment&quot;[39m
                [33mclass[39m=[32m&quot;_filterSelect_3b3e62&quot;[39m
              [36m&gt;[39m
                [36m&lt;option[39m
                  [33mvalue[39m=[32m&quot;&quot;[39m
                [36m&gt;[39m
                  [0mAll[0m
                [36m&lt;/option&gt;[39m
                [36m&lt;option[39m
                  [33mvalue[39m=[32m&quot;POSITIVE&quot;[39m
                [36m&gt;[39m
                  [0mPositive[0m
                [36m&lt;/option&gt;[39m
                [36m&lt;option[39m
                  [33mvalue[39m=[32m&quot;NEUTRAL&quot;[39m
                [36m&gt;[39m
                  [0mNeutral[0m
                [36m&lt;/option&gt;[39m
                [36m&lt;option[39m
                  [33mvalue[39m=[32m&quot;NEGATIVE&quot;[39m
                [36m&gt;[39m
                  [0mNegative[0m
                [36m&lt;/option&gt;[39m
              [36m&lt;/select&gt;[39m
              [36m&lt;select[39m
                [33maria-label[39m=[32m&quot;Filter status&quot;[39m
                [33mclass[39m=[32m&quot;_filterSelect_3b3e62&quot;[39m
              [36m&gt;[39m
                [36m&lt;option[39m
                  [33mvalue[39m=[32m&quot;&quot;[39m
                [36m&gt;[39m
                  [0mAll[0m
                [36m&lt;/option&gt;[39m
                [36m&lt;option[39m
                  [33mvalue[39m=[32m&quot;SUBMITTED&quot;[39m
                [36m&gt;[39m
                  [0mSubmitted[0m
                [36m&lt;/option&gt;[39m
                [36m&lt;option[39m
                  [33mvalue[39m=[32m&quot;REVIEWED&quot;[39m
                [36m&gt;[39m
                  [0mReviewed[0m
                [36m&lt;/option&gt;[39m
                [36m&lt;option[39m
                  [33mvalue[39m=[32m&quot;FLAGGED&quot;[39m
                [36m&gt;[39m
                  [0mFlagged[0m
                [36m&lt;/option&gt;[39m
                [36m&lt;option[39m
                  [33mvalue[39m=[32m&quot;ARCHIVED&quot;[39m
                [36m&gt;[39m
                  [0mArchived[0m
                [36m&lt;/option&gt;[39m
              [36m&lt;/select&gt;[39m
            [36m&lt;/div&gt;[39m
            [36m&lt;div[39m
              [33mclass[39m=[32m&quot;_columnVisibility_3b3e62&quot;[39m
            [36m&gt;[39m
              [36m&lt;button[39m
                [33maria-expanded[39m=[32m&quot;false&quot;[39m
                [33maria-haspopup[39m=[32m&quot;true&quot;[39m
                [33mclass[39m=[32m&quot;_columnVisibilityBtn_3b3e62&quot;[39m
                [33mtype[39m=[32m&quot;button&quot;[39m
              [36m&gt;[39m
                [0mColumns[0m
              [36m&lt;/button&gt;[39m
            [36m&lt;/div&gt;[39m
          [36m&lt;/div&gt;[39m
          [36m&lt;div[39m
            [33mclass[39m=[32m&quot;_tableWrapper_3b3e62 &quot;[39m
          [36m&gt;[39m
            [36m&lt;table[39m
              [33mclass[39m=[32m&quot;_table_3b3e62&quot;[39m
            [36m&gt;[39m
              [36m&lt;caption[39m
                [33mclass[39m=[32m&quot;sr-only&quot;[39m
              [36m&gt;[39m
                [0mSubmitted volunteer feedback listing[0m
              [36m&lt;/caption&gt;[39m
              [36m&lt;thead[39m
                [33mclass[39m=[32m&quot;_thead_3b3e62&quot;[39m
              [36m&gt;[39m
                [36m&lt;tr&gt;[39m
                  [36m&lt;th[39m
                    [33maria-sort[39m=[32m&quot;none&quot;[39m
                    [33mclass[39m=[32m&quot;_th_3b3e62 _thSortable_3b3e62&quot;[39m
                    [33mscope[39m=[32m&quot;col&quot;[39m
                  [36m&gt;[39m
                    [36m&lt;span[39m
                      [33mclass[39m=[32m&quot;_thContent_3b3e62&quot;[39m
                    [36m&gt;[39m
                      [0mEvent Name[0m
                      [36m&lt;span[39m
                        [33maria-hidden[39m=[32m&quot;true&quot;[39m
                        [33mclass[39m=[32m&quot;_sortIndicator_3b3e62 &quot;[39m
                      [36m&gt;[39m
                        [0m↕[0m
                      [36m&lt;/span&gt;[39m
                    [36m&lt;/span&gt;[39m
                  [36m&lt;/th&gt;[39m
                  [36m&lt;th[39m
                    [33maria-sort[39m=[32m&quot;none&quot;[39m
                    [33mclass[39m=[32m&quot;_th_3b3e62 _thSortable_3b3e62&quot;[39m
                    [33mscope[39m=[32m&quot;col&quot;[39m
                  [36m&gt;[39m
                    [36m&lt;span[39m
                      [33mclass[39m=[32m&quot;_thContent_3b3e62&quot;[39m
                    [36m&gt;[39m
                      [0mVolunteer ID[0m
                      [36m&lt;span[39m
                        [33maria-hidden[39m=[32m&quot;true&quot;[39m
                        [33mclass[39m=[32m&quot;_sortIndicator_3b3e62 &quot;[39m
                      [36m&gt;[39m
                        [0m↕[0m
                      [36m&lt;/span&gt;[39m
                    [36m&lt;/span&gt;[39m
                  [36m&lt;/th&gt;[39m
                  [36m&lt;th[39m
                    [33maria-sort[39m=[32m&quot;none&quot;[39m
                    [33mclass[39m=[32m&quot;_th_3b3e62 _thSortable_3b3e62&quot;[39m
                    [33mscope[39m=[32m&quot;col&quot;[39m
                  [36m&gt;[39m
                    [36m&lt;span[39m
                      [33mclass[39m=[32m&quot;_thContent_3b3e62&quot;[39m
                    [36m&gt;[39m
                      [0mScore[0m
                      [36m&lt;span[39m
                        [33maria-hidden[39m=[32m&quot;true&quot;[39m
                        [33mclass[39m=[32m&quot;_sortIndicator_3b3e62 &quot;[39m
                      [36m&gt;[39m
                        [0m↕[0m
                      [36m&lt;/span&gt;[39m
                    [36m&lt;/span&gt;[39m
                  [36m&lt;/th&gt;[39m
                  [36m&lt;th[39m
                    [33maria-sort[39m=[32m&quot;none&quot;[39m
                    [33mclass[39m=[32m&quot;_th_3b3e62 _thSortable_3b3e62&quot;[39m
                    [33mscope[39m=[32m&quot;col&quot;[39m
                  [36m&gt;[39m
                    [36m&lt;span[39m
                      [33mclass[39m=[32m&quot;_thContent_3b3e62&quot;[39m
                    [36m&gt;[39m
                      [0mCategory[0m
                      [36m&lt;span[39m
                        [33maria-hidden[39m=[32m&quot;true&quot;[39m
                        [33mclass[39m=[32m&quot;_sortIndicator_3b3e62 &quot;[39m
                      [36m&gt;[39m
                        [0m↕[0m
                      [36m&lt;/span&gt;[39m
                    [36m&lt;/span&gt;[39m
                  [36m&lt;/th&gt;[39m
                  [36m&lt;th[39m
                    [33maria-sort[39m=[32m&quot;none&quot;[39m
                    [33mclass[39m=[32m&quot;_th_3b3e62 _thSortable_3b3e62&quot;[39m
                    [33mscope[39m=[32m&quot;col&quot;[39m
                  [36m&gt;[39m
                    [36m&lt;span[39m
                      [33mclass[39m=[32m&quot;_thContent_3b3e62&quot;[39m
                    [36m&gt;[39m
                      [0mSentiment[0m
                      [36m&lt;span[39m
                        [33maria-hidden[39m=[32m&quot;true&quot;[39m
                        [33mclass[39m=[32m&quot;_sortIndicator_3b3e62 &quot;[39m
                      [36m&gt;[39m
                        [0m↕[0m
                      [36m&lt;/span&gt;[39m
                    [36m&lt;/span&gt;[39m
                  [36m&lt;/th&gt;[39m
                  [36m&lt;th[39m
                    [33maria-sort[39m=[32m&quot;none&quot;[39m
                    [33mclass[39m=[32m&quot;_th_3b3e62 _thSortable_3b3e62&quot;[39m
                    [33mscope[39m=[32m&quot;col&quot;[39m
                  [36m&gt;[39m
                    [36m&lt;span[39m
                      [33mclass[39m=[32m&quot;_thContent_3b3e62&quot;[39m
                    [36m&gt;[39m
                      [0mStatus[0m
                      [36m&lt;span[39m
                        [33maria-hidden[39m=[32m&quot;true&quot;[39m
                        [33mclass[39m=[32m&quot;_sortIndicator_3b3e62 &quot;[39m
                      [36m&gt;[39m
                        [0m↕[0m
                      [36m&lt;/span&gt;[39m
                    [36m&lt;/span&gt;[39m
                  [36m&lt;/th&gt;[39m
                  [36m&lt;th[39m
                    [33maria-sort[39m=[32m&quot;none&quot;[39m
                    [33mclass[39m=[32m&quot;_th_3b3e62 _thSortable_3b3e62&quot;[39m
                    [33mscope[39m=[32m&quot;col&quot;[39m
                  [36m&gt;[39m
                    [36m&lt;span[39m
                      [33mclass[39m=[32m&quot;_thContent_3b3e62&quot;[39m
                    [36m&gt;[39m
                      [0mSubmitted At[0m
                      [36m&lt;span[39m
                        [33maria-hidden[39m=[32m&quot;true&quot;[39m
                        [33mclass[39m=[32m&quot;_sortIndicator_3b3e62 &quot;[39m
                      [36m&gt;[39m
                        [0m↕[0m
                      [36m&lt;/span&gt;[39m
                    [36m&lt;/span&gt;[39m
                  [36m&lt;/th&gt;[39m
                [36m&lt;/tr&gt;[39m
              [36m&lt;/thead&gt;[39m
              [36m&lt;tbody[39m
                [33mclass[39m=[32m&quot;_tbody_3b3e62&quot;[39m
              [36m&gt;[39m
                [36m&lt;tr&gt;[39m
                  [36m&lt;td[39m
                    [33mclass[39m=[32m&quot;_td_3b3e62&quot;[39m
                    [33mcolspan[39m=[32m&quot;7&quot;[39m
                  [36m&gt;[39m
                    [36m&lt;div[39m
                      [33mclass[39m=[32m&quot;_errorState_3b3e62&quot;[39m
                    [36m&gt;[39m
                      [36m&lt;p[39m
                        [33mclass[39m=[32m&quot;_errorMessage_3b3e62&quot;[39m
                      [36m&gt;[39m
                        [0mNetwork error[0m
                      [36m&lt;/p&gt;[39m
                      [36m&lt;button[39m
                        [33mclass[39m=[32m&quot;_retryBtn_3b3e62&quot;[39m
                        [33mtype[39m=[32m&quot;button&quot;[39m
                      [36m&gt;[39m
                        [0mRetry[0m
                      [36m&lt;/button&gt;[39m
                    [36m&lt;/div&gt;[39m
                  [36m&lt;/td&gt;[39m
                [36m&lt;/tr&gt;[39m
              [36m&lt;/tbody&gt;[39m
            [36m&lt;/table&gt;[39m
          [36m&lt;/div&gt;[39m
          [36m&lt;div[39m
            [33mclass[39m=[32m&quot;_pagination_3b3e62&quot;[39m
          [36m&gt;[39m
            [36m&lt;span[39m
              [33mclass[39m=[32m&quot;_paginationInfo_3b3e62&quot;[39m
            [36m&gt;[39m
              [0m0[0m
              [0m total record[0m
              [0ms[0m
              [0m — Page[0m
              [0m [0m
              [0m0[0m
              [0m of [0m
              [0m0[0m
            [36m&lt;/span&gt;[39m
            [36m&lt;div[39m
              [33mclass[39m=[32m&quot;_paginationControls_3b3e62&quot;[39m
            [36m&gt;[39m
              [36m&lt;select[39m
                [33maria-label[39m=[32m&quot;Page size&quot;[39m
                [33mclass[39m=[32m&quot;_pageSizeSelect_3b3e62&quot;[39m
              [36m&gt;[39m
                [36m&lt;option[39m
                  [33mvalue[39m=[32m&quot;10&quot;[39m
                [36m&gt;[39m
                  [0m10[0m
                  [0m / page[0m
                [36m&lt;/option&gt;[39m
                [36m&lt;option[39m
                  [33mvalue[39m=[32m&quot;25&quot;[39m
                [36m&gt;[39m
                  [0m25[0m
                  [0m / page[0m
                [36m&lt;/option&gt;[39m
                [36m&lt;option[39m
                  [33mvalue[39m=[32m&quot;50&quot;[39m
                [36m&gt;[39m
                  [0m50[0m
                  [0m / page[0m
                [36m&lt;/option&gt;[39m
                [36m&lt;option[39m
                  [33mvalue[39m=[32m&quot;100&quot;[39m
                [36m&gt;[39m
                  [0m100[0m
                  [0m / page[0m
                [36m&lt;/option&gt;[39m
              [36m&lt;/select&gt;[39m
              [36m&lt;button[39m
                [33maria-label[39m=[32m&quot;First page&quot;[39m
                [33mclass[39m=[32m&quot;_paginationBtn_3b3e62&quot;[39m
                [33mdisabled[39m=[32m&quot;&quot;[39m
                [33mtype[39m=[32m&quot;button&quot;[39m
              [36m&gt;[39m
                [0m«[0m
              [36m&lt;/button&gt;[39m
              [36m&lt;button[39m
                [33maria-label[39m=[32m&quot;Previous page&quot;[39m
                [33mclass[39m=[32m&quot;_paginationBtn_3b3e62&quot;[39m
                [33mdisabled[39m=[32m&quot;&quot;[39m
                [33mtype[39m=[32m&quot;button&quot;[39m
              [36m&gt;[39m
                [0m‹[0m
              [36m&lt;/button&gt;[39m
              [36m&lt;button[39m
                [33maria-label[39m=[32m&quot;Next page&quot;[39m
                [33mclass[39m=[32m&quot;_paginationBtn_3b3e62&quot;[39m
                [33mdisabled[39m=[32m&quot;&quot;[39m
                [33mtype[39m=[32m&quot;button&quot;[39m
              [36m&gt;[39m
                [0m›[0m
              [36m&lt;/button&gt;[39m
              [36m&lt;button[39m
                [33maria-label[39m=[32m&quot;Last page&quot;[39m
                [33mclass[39m=[32m&quot;_paginationBtn_3b3e62&quot;[39m
                [33mdisabled[39m=[32m&quot;&quot;[39m
                [33mtype[39m=[32m&quot;button&quot;[39m
              [36m&gt;[39m
                [0m»[0m
              [36m&lt;/button&gt;[39m
            [36m&lt;/div&gt;[39m
          [36m&lt;/div&gt;[39m
        [36m&lt;/div&gt;[39m
      [36m&lt;/div&gt;[39m
    [36m&lt;/div&gt;[39m
  [36m&lt;/div&gt;[39m
[36m&lt;/body&gt;[39m

Ignored nodes: comments, script, style
[36m&lt;html&gt;[39m
  [36m&lt;head /&gt;[39m
  [36m&lt;body&gt;[39m
    [36m&lt;div&gt;[39m
      [36m&lt;div&gt;[39m
        [36m&lt;div[39m
          [33mclass[39m=[32m&quot;_container_ca4c60&quot;[39m
        [36m&gt;[39m
          [36m&lt;div[39m
            [33mclass[39m=[32m&quot;_header_ca4c60&quot;[39m
          [36m&gt;[39m
            [36m&lt;h1[39m
              [33mclass[39m=[32m&quot;_pageTitle_ca4c60&quot;[39m
            [36m&gt;[39m
              [0mFeedback[0m
[...]
                  &lt;/th&gt;
                  &lt;th
                    aria-sort=&quot;none&quot;
                    class=&quot;_th_3b3e62 _thSortable_3b3e62&quot;
                    scope=&quot;col&quot;
                  &gt;
                    &lt;span
                      class=&quot;_thContent_3b3e62&quot;
                    &gt;
                      Category
                      &lt;span
                        aria-hidden=&quot;true&quot;
                        class=&quot;_sortIndicator_3b3e62 &quot;
                      &gt;
                        ↕
                      &lt;/span&gt;
                    &lt;/span&gt;
                  &lt;/th&gt;
                  &lt;th
                    aria-sort=&quot;none&quot;
                    class=&quot;_th_3b3e62 _thSortable_3b3e62&quot;
                    scope=&quot;col&quot;
                  &gt;
                    &lt;span
                      class=&quot;_thContent_3b3e62&quot;
                    &gt;
                      Sentiment
                      &lt;span
                        aria-hidden=&quot;true&quot;
                        class=&quot;_sortIndicator_3b3e62 &quot;
                      &gt;
                        ↕
                      &lt;/span&gt;
                    &lt;/span&gt;
                  &lt;/th&gt;
                  &lt;th
                    aria-sort=&quot;none&quot;
                    class=&quot;_th_3b3e62 _thSortable_3b3e62&quot;
                    scope=&quot;col&quot;
                  &gt;
                    &lt;span
                      class=&quot;_thContent_3b3e62&quot;
                    &gt;
                      Status
                      &lt;span
                        aria-hidden=&quot;true&quot;
                        class=&quot;_sortIndicator_3b3e62 &quot;
                      &gt;
                        ↕
                      &lt;/span&gt;
                    &lt;/span&gt;
                  &lt;/th&gt;
                  &lt;th
                    aria-sort=&quot;none&quot;
                    class=&quot;_th_3b3e62 _thSortable_3b3e62&quot;
                    scope=&quot;col&quot;
                  &gt;
                    &lt;span
                      class=&quot;_thContent_3b3e62&quot;
                    &gt;
                      Submitted At
                      &lt;span
                        aria-hidden=&quot;true&quot;
                        class=&quot;_sortIndicator_3b3e62 &quot;
                      &gt;
                        ↕
                      &lt;/span&gt;
                    &lt;/span&gt;
                  &lt;/th&gt;
                &lt;/tr&gt;
              &lt;/thead&gt;
              &lt;tbody
                class=&quot;_tbody_3b3e62&quot;
              &gt;
                &lt;tr&gt;
                  &lt;td
                    class=&quot;_td_3b3e62&quot;
                    colspan=&quot;7&quot;
                  &gt;
                    &lt;div
                      class=&quot;_errorState_3b3e62&quot;
                    &gt;
                      &lt;p
                        class=&quot;_errorMessage_3b3e62&quot;
                      &gt;
                        Network error
                      &lt;/p&gt;
                      &lt;button
                        class=&quot;_retryBtn_3b3e62&quot;
                        type=&quot;button&quot;
                      &gt;
                        Retry
                      &lt;/button&gt;
                    &lt;/div&gt;
                  &lt;/td&gt;
                &lt;/tr&gt;
              &lt;/tbody&gt;
            &lt;/table&gt;
          &lt;/div&gt;
          &lt;div
            class=&quot;_pagination_3b3e62&quot;
          &gt;
            &lt;span
              class=&quot;_paginationInfo_3b3e62&quot;
            &gt;
              0
               total record
              s
               — Page
               
              0
               of 
              0
            &lt;/span&gt;
            &lt;div
              class=&quot;_paginationControls_3b3e62&quot;
            &gt;
              &lt;select
                aria-label=&quot;Page size&quot;
                class=&quot;_pageSizeSelect_3b3e62&quot;
              &gt;
                &lt;option
                  value=&quot;10&quot;
                &gt;
                  10
                   / page
                &lt;/option&gt;
                &lt;option
                  value=&quot;25&quot;
                &gt;
                  25
                   / page
                &lt;/option&gt;
                &lt;option
                  value=&quot;50&quot;
                &gt;
                  50
                   / page
                &lt;/option&gt;
                &lt;option
                  value=&quot;100&quot;
                &gt;
                  100
                   / page
                &lt;/option&gt;
              &lt;/select&gt;
              &lt;button
                aria-label=&quot;First page&quot;
                class=&quot;_paginationBtn_3b3e62&quot;
                disabled=&quot;&quot;
                type=&quot;button&quot;
              &gt;
                «
              &lt;/button&gt;
              &lt;button
                aria-label=&quot;Previous page&quot;
                class=&quot;_paginationBtn_3b3e62&quot;
                disabled=&quot;&quot;
                type=&quot;button&quot;
              &gt;
                ‹
              &lt;/button&gt;
              &lt;button
                aria-label=&quot;Next page&quot;
                class=&quot;_paginationBtn_3b3e62&quot;
                disabled=&quot;&quot;
                type=&quot;button&quot;
              &gt;
                ›
              &lt;/button&gt;
              &lt;button
                aria-label=&quot;Last page&quot;
                class=&quot;_paginationBtn_3b3e62&quot;
                disabled=&quot;&quot;
                type=&quot;button&quot;
              &gt;
                »
              &lt;/button&gt;
            &lt;/div&gt;
          &lt;/div&gt;
        &lt;/div&gt;
      &lt;/div&gt;
    &lt;/div&gt;
  &lt;/div&gt;
&lt;/body&gt;

Ignored nodes: comments, script, style
&lt;html&gt;
  &lt;head /&gt;
  &lt;body&gt;
    &lt;div&gt;
      &lt;div&gt;
        &lt;div
          class=&quot;_container_ca4c60&quot;
        &gt;
          &lt;div
            class=&quot;_header_ca4c60&quot;
          &gt;
            &lt;h1
              class=&quot;_pageTitle_ca4c60&quot;
            &gt;
              Feedback
            &lt;/h1&gt;
          &lt;/div&gt;
          &lt;div
            class=&quot;_container_3b3e62&quot;
          &gt;
            &lt;div
              class=&quot;_toolbar_3b3e62&quot;
            &gt;
              &lt;div
                class=&quot;_filters_3b3e62&quot;
              &gt;
                &lt;input
                  aria-label=&quot;Filter eventName&quot;
                  class=&quot;_filterInput_3b3e62&quot;
                  placeholder=&quot;Filter eventName...&quot;
                  type=&quot;text&quot;
                  value=&quot;&quot;
                /&gt;
                &lt;select
                  aria-label=&quot;Filter category&quot;
                  class=&quot;_filterSelect_3b3e62&quot;
                &gt;
                  &lt;option
                    value=&quot;&quot;
                  &gt;
                    All
                  &lt;/option&gt;
                  &lt;option
                    value=&quot;Communication&quot;
                  &gt;
                    Communication
                  &lt;/option&gt;
                  &lt;option
                    value=&quot;Organization&quot;
                  &gt;
                    Organization
                  &lt;/option&gt;
                  &lt;option
                    value=&quot;Content&quot;
                  &gt;
                    Content
                  &lt;/option&gt;
                  &lt;option
                    value=&quot;Logistics&quot;
                  &gt;
                    Logistics
                  &lt;/option&gt;
                  &lt;option
                    value=&quot;Overall&quot;
                  &gt;
                    Overall
                  &lt;/option&gt;
                &lt;/select&gt;
                &lt;select
                  aria-label=&quot;Filter sentiment&quot;
                  class=&quot;_filterSelect_3b3e62&quot;
                &gt;
                  &lt;option
                    value=&quot;&quot;
                  &gt;
                    All
                  &lt;/option&gt;
                  &lt;option
                    value=&quot;POSITIVE&quot;
                  &gt;
                    Positive
                  &lt;/option&gt;
                  &lt;option
                    value=&quot;NEUTRAL&quot;
                  &gt;
                    Neutral
                  &lt;/option&gt;
                  &lt;option
                    value=&quot;NEGATIVE&quot;
                  &gt;
                    Negative
                  &lt;/option&gt;
                &lt;/select&gt;
                &lt;select
                  aria-label=&quot;Filter status&quot;
                  class=&quot;_filterSelect_3b3e62&quot;
                &gt;
                  &lt;option
                    value=&quot;&quot;
                  &gt;
                    All
                  &lt;/option&gt;
                  &lt;option
                    value=&quot;SUBMITTED&quot;
                  &gt;
                    Submitted
                  &lt;/option&gt;
                  &lt;option
                    value=&quot;REVIEWED&quot;
                  &gt;
                    Reviewed
                  &lt;/option&gt;
                  &lt;option
                    value=&quot;FLAGGED&quot;
                  &gt;
                    Flagged
                  &lt;/option&gt;
                  &lt;option
                    value=&quot;ARCHIVED&quot;
                  &gt;
                    Archived
                  &lt;/option&gt;
                &lt;/select&gt;
              &lt;/div&gt;
              &lt;div
                class=&quot;_columnVisibility_3b3e62&quot;
              &gt;
                &lt;button
                  aria-expanded=&quot;false&quot;
                  aria-haspopup=&quot;true&quot;
                  class=&quot;_columnVisibilityBtn_3b3e62&quot;
                  type=&quot;button&quot;
                &gt;
                  Columns
                &lt;/button&gt;
              &lt;/div&gt;
            &lt;/div&gt;
            &lt;div
              class=&quot;_tableWrapper_3b3e62 &quot;
            &gt;
              &lt;table
                class=&quot;_table_3b3e62&quot;
              &gt;
                &lt;caption
                  class=&quot;sr-only&quot;
                &gt;
                  Submitted volunteer feedback listing
                &lt;/caption&gt;
                &lt;thead
                  class=&quot;_thead_3b3e62&quot;
                &gt;
                  &lt;tr&gt;
                    &lt;th
                      aria-sort=&quot;none&quot;
                      class=&quot;_th_3b3e62 _thSortable_3b3e62&quot;
                      scope=&quot;col&quot;
                    &gt;
                      &lt;span
                        class=&quot;_thContent_3b3e62&quot;
                      &gt;
                        Event Name
                        &lt;span
                          aria-hidden=&quot;true&quot;
                          class=&quot;_sortIndicator_3b3e62 &quot;
                        &gt;
                          ↕
                        &lt;/span&gt;
                      &lt;/span&gt;
                    &lt;/th&gt;
                    &lt;th
                      aria-sort=&quot;none&quot;
                      class=&quot;_th_3b3e62 _thSortable_3b3e62&quot;
                      scope=&quot;col&quot;
                    &gt;
                      &lt;span
                        class=&quot;_thContent_3b3e62&quot;
                      &gt;
                        Volunteer ID
                        &lt;span
                          aria-hidden=&quot;true&quot;
                          class=&quot;_sortIndicator_3b3e62 &quot;
                        &gt;
                          ↕
                        &lt;/span&gt;
                      &lt;/span&gt;
                    &lt;/th&gt;
                    &lt;th
                      aria-sort=&quot;none&quot;
                      class=&quot;_th_3b3e62 _thSortable_3b3e62&quot;
                      scope=&quot;col&quot;
                    &gt;
                      &lt;span
                        class=&quot;_thContent_3b3e62&quot;
                      &gt;
                        Score
                        &lt;span
                          aria-hidden=&quot;true&quot;
                          class=&quot;_sortIndicator_3b3e62 &quot;
                        &gt;
                          ↕
                        &lt;/span&gt;
                      &lt;/span&gt;
                    &lt;/th&gt;
                    &lt;th
                      aria-sort=&quot;none&quot;
                      class=&quot;_th_3b3e62 _thSortable_3b3e62&quot;
                      scope=&quot;col&quot;
                    &gt;
                      &lt;span
                        class=&quot;_thContent_3b3e62&quot;
                      &gt;
                        Category
                        &lt;span
                          aria-hidden=&quot;true&quot;
                          class=&quot;_sortIndicator_3b3e62 &quot;
                        &gt;
                          ↕
                        &lt;/span&gt;
                      &lt;/span&gt;
                    &lt;/th&gt;
                    &lt;th
                      aria-sort=&quot;none&quot;
                      class=&quot;_th_3b3e62 _thSortable_3b3e62&quot;
                      scope=&quot;col&quot;
                    &gt;
                      &lt;span
                        class=&quot;_thContent_3b3e62&quot;
                      &gt;
                        Sentiment
                        &lt;span
                          aria-hidden=&quot;true&quot;
                          class=&quot;_sortIndicator_3b3e62 &quot;
                        &gt;
                          ↕
                        &lt;/span&gt;
                      &lt;/span&gt;
                    &lt;/th&gt;
                    &lt;th
                      aria-sort=&quot;none&quot;
                      class=&quot;_th_3b3e62 _thSortable_3b3e62&quot;
                      scope=&quot;col&quot;
                    &gt;
                      &lt;span
                        class=&quot;_thContent_3b3e62&quot;
                      &gt;
                        Status
                        &lt;span
                          aria-hidden=&quot;true&quot;
                          class=&quot;_sortIndicator_3b3e62 &quot;
                        &gt;
                          ↕
                        &lt;/span&gt;
                      &lt;/span&gt;
                    &lt;/th&gt;
                    &lt;th
                      aria-sort=&quot;none&quot;
                      class=&quot;_th_3b3e62 _thSortable_3b3e62&quot;
                      scope=&quot;col&quot;
                    &gt;
                      &lt;span
                        class=&quot;_thContent_3b3e62&quot;
                      &gt;
                        Submitted At
                        &lt;span
                          aria-hidden=&quot;true&quot;
                          class=&quot;_sortIndicator_3b3e62 &quot;
                        &gt;
                          ↕
                        &lt;/span&gt;
                      &lt;/span&gt;
                    &lt;/th&gt;
                  &lt;/tr&gt;
                &lt;/thead&gt;
                &lt;tbody
                  class=&quot;_tbody_3b3e62&quot;
                &gt;
                  &lt;tr&gt;
                    &lt;td
                      class=&quot;_td_3b3e62&quot;
                      colspan=&quot;7&quot;
                    &gt;
                      &lt;div
                        class=&quot;_errorState_3b3e62&quot;
                      &gt;
                        &lt;p
                          class=&quot;_errorMessage_3b3e62&quot;
                        &gt;
                          Network error
                        &lt;/p&gt;
                        &lt;button
                          class=&quot;_retryBtn_3b3e62&quot;
                          type=&quot;button&quot;
                        &gt;
                          Retry
                        &lt;/button&gt;
                      &lt;/div&gt;
                    &lt;/td&gt;
                  &lt;/tr&gt;
                &lt;/tbody&gt;
              &lt;/table&gt;
            &lt;/div&gt;
            &lt;div
              class=&quot;_pagination_3b3e62&quot;
            &gt;
              &lt;span
                class=&quot;_paginationInfo_3b3e62&quot;
              &gt;
                0
                 total record
                s
                 — Page
                 
                0
                 of 
                0
              &lt;/span&gt;
              &lt;div
                class=&quot;_paginationControls_3b3e62&quot;
              &gt;
                &lt;select
                  aria-label=&quot;Page size&quot;
                  class=&quot;_pageSizeSelect_3b3e62&quot;
                &gt;
                  &lt;option
                    value=&quot;10&quot;
                  &gt;
                    10
                     / page
                  &lt;/option&gt;
                  &lt;option
                    value=&quot;25&quot;
                  &gt;
                    25
                     / page
                  &lt;/option&gt;
                  &lt;option
                    value=&quot;50&quot;
                  &gt;
                    50
                     / page
                  &lt;/option&gt;
                  &lt;option
                    value=&quot;100&quot;
                  &gt;
                    100
                     / page
                  &lt;/option&gt;
                &lt;/select&gt;
                &lt;button
                  aria-label=&quot;First page&quot;
                  class=&quot;_paginationBtn_3b3e62&quot;
                  disabled=&quot;&quot;
                  type=&quot;button&quot;
                &gt;
                  «
                &lt;/button&gt;
                &lt;button
                  aria-label=&quot;Previous page&quot;
                  class=&quot;_paginationBtn_3b3e62&quot;
                  disabled=&quot;&quot;
                  type=&quot;button&quot;
                &gt;
                  ‹
                &lt;/button&gt;
                &lt;button
                  aria-label=&quot;Next page&quot;
                  class=&quot;_paginationBtn_3b3e62&quot;
                  disabled=&quot;&quot;
                  type=&quot;button&quot;
                &gt;
                  ›
                &lt;/button&gt;
                &lt;button
                  aria-label=&quot;Last page&quot;
                  class=&quot;_paginationBtn_3b3e62&quot;
                  disabled=&quot;&quot;
                  type=&quot;button&quot;
                &gt;
                  »
                &lt;/button&gt;
              &lt;/div&gt;
            &lt;/div&gt;
          &lt;/div&gt;
        &lt;/div&gt;
      &lt;/div&gt;
    &lt;/div&gt;
  &lt;/body&gt;
&lt;/html&gt;
 ❯ waitForWrapper node_modules/@testing-library/dom/dist/wait-for.js:163:27
 ❯ src/routes/_authenticated/feedback/-components/__tests__/FeedbackListContent.test.tsx:80:13
            </failure>
        </testcase>
    </testsuite>
</testsuites>
